<?xml version="1.0" encoding="UTF-8"?>
<testsuite xmlns:xsi="http://www.w3.org/2001/XMLSchema-instance" xsi:noNamespaceSchemaLocation="https://maven.apache.org/surefire/maven-surefire-plugin/xsd/surefire-test-report.xsd" name="com.nhnacademy.board.service.PostServiceTest" time="0" tests="6" errors="0" skipped="0" failures="0">
  <properties>
    <property name="gopherProxySet" value="false"/>
    <property name="awt.toolkit" value="sun.lwawt.macosx.LWCToolkit"/>
    <property name="java.specification.version" value="11"/>
    <property name="sun.cpu.isalist" value=""/>
    <property name="sun.jnu.encoding" value="UTF-8"/>
    <property name="java.class.path" value="/Users/kimhwajeong/Downloads/BoardJpa/target/test-classes:/Users/kimhwajeong/Downloads/BoardJpa/target/classes:/Users/kimhwajeong/.m2/repository/org/assertj/assertj-core/3.22.0/assertj-core-3.22.0.jar:/Users/kimhwajeong/.m2/repository/org/springframework/spring-webmvc/5.3.13/spring-webmvc-5.3.13.jar:/Users/kimhwajeong/.m2/repository/org/springframework/spring-aop/5.3.13/spring-aop-5.3.13.jar:/Users/kimhwajeong/.m2/repository/org/springframework/spring-beans/5.3.13/spring-beans-5.3.13.jar:/Users/kimhwajeong/.m2/repository/org/springframework/spring-context/5.3.13/spring-context-5.3.13.jar:/Users/kimhwajeong/.m2/repository/org/springframework/spring-core/5.3.13/spring-core-5.3.13.jar:/Users/kimhwajeong/.m2/repository/org/springframework/spring-jcl/5.3.13/spring-jcl-5.3.13.jar:/Users/kimhwajeong/.m2/repository/org/springframework/spring-expression/5.3.13/spring-expression-5.3.13.jar:/Users/kimhwajeong/.m2/repository/org/springframework/spring-web/5.3.13/spring-web-5.3.13.jar:/Users/kimhwajeong/.m2/repository/org/apache/commons/commons-math3/3.6.1/commons-math3-3.6.1.jar:/Users/kimhwajeong/.m2/repository/jakarta/validation/jakarta.validation-api/2.0.2/jakarta.validation-api-2.0.2.jar:/Users/kimhwajeong/.m2/repository/jakarta/servlet/jakarta.servlet-api/4.0.3/jakarta.servlet-api-4.0.3.jar:/Users/kimhwajeong/.m2/repository/org/glassfish/web/jakarta.servlet.jsp.jstl/1.2.6/jakarta.servlet.jsp.jstl-1.2.6.jar:/Users/kimhwajeong/.m2/repository/jakarta/servlet/jsp/jstl/jakarta.servlet.jsp.jstl-api/1.2.4/jakarta.servlet.jsp.jstl-api-1.2.4.jar:/Users/kimhwajeong/.m2/repository/jakarta/el/jakarta.el-api/3.0.2/jakarta.el-api-3.0.2.jar:/Users/kimhwajeong/.m2/repository/ch/qos/logback/logback-classic/1.2.11/logback-classic-1.2.11.jar:/Users/kimhwajeong/.m2/repository/ch/qos/logback/logback-core/1.2.11/logback-core-1.2.11.jar:/Users/kimhwajeong/.m2/repository/org/slf4j/slf4j-api/1.7.32/slf4j-api-1.7.32.jar:/Users/kimhwajeong/.m2/repository/commons-fileupload/commons-fileupload/1.3.3/commons-fileupload-1.3.3.jar:/Users/kimhwajeong/.m2/repository/commons-io/commons-io/2.2/commons-io-2.2.jar:/Users/kimhwajeong/.m2/repository/org/projectlombok/lombok/1.18.24/lombok-1.18.24.jar:/Users/kimhwajeong/.m2/repository/com/jayway/jsonpath/json-path-assert/2.4.0/json-path-assert-2.4.0.jar:/Users/kimhwajeong/.m2/repository/org/hamcrest/hamcrest-core/1.3/hamcrest-core-1.3.jar:/Users/kimhwajeong/.m2/repository/org/hamcrest/hamcrest-library/1.3/hamcrest-library-1.3.jar:/Users/kimhwajeong/.m2/repository/com/jayway/jsonpath/json-path/2.4.0/json-path-2.4.0.jar:/Users/kimhwajeong/.m2/repository/net/minidev/json-smart/2.3/json-smart-2.3.jar:/Users/kimhwajeong/.m2/repository/net/minidev/accessors-smart/1.2/accessors-smart-1.2.jar:/Users/kimhwajeong/.m2/repository/org/ow2/asm/asm/5.0.4/asm-5.0.4.jar:/Users/kimhwajeong/.m2/repository/org/hibernate/validator/hibernate-validator/6.2.3.Final/hibernate-validator-6.2.3.Final.jar:/Users/kimhwajeong/.m2/repository/org/jboss/logging/jboss-logging/3.4.1.Final/jboss-logging-3.4.1.Final.jar:/Users/kimhwajeong/.m2/repository/com/fasterxml/classmate/1.5.1/classmate-1.5.1.jar:/Users/kimhwajeong/.m2/repository/com/fasterxml/jackson/core/jackson-core/2.14.2/jackson-core-2.14.2.jar:/Users/kimhwajeong/.m2/repository/com/fasterxml/jackson/core/jackson-databind/2.14.2/jackson-databind-2.14.2.jar:/Users/kimhwajeong/.m2/repository/com/fasterxml/jackson/core/jackson-annotations/2.14.2/jackson-annotations-2.14.2.jar:/Users/kimhwajeong/.m2/repository/com/fasterxml/jackson/datatype/jackson-datatype-jsr310/2.14.2/jackson-datatype-jsr310-2.14.2.jar:/Users/kimhwajeong/.m2/repository/org/thymeleaf/thymeleaf-spring5/3.1.1.RELEASE/thymeleaf-spring5-3.1.1.RELEASE.jar:/Users/kimhwajeong/.m2/repository/org/thymeleaf/thymeleaf/3.1.1.RELEASE/thymeleaf-3.1.1.RELEASE.jar:/Users/kimhwajeong/.m2/repository/org/attoparser/attoparser/2.0.6.RELEASE/attoparser-2.0.6.RELEASE.jar:/Users/kimhwajeong/.m2/repository/org/unbescape/unbescape/1.1.6.RELEASE/unbescape-1.1.6.RELEASE.jar:/Users/kimhwajeong/.m2/repository/com/fasterxml/jackson/dataformat/jackson-dataformat-xml/2.11.1/jackson-dataformat-xml-2.11.1.jar:/Users/kimhwajeong/.m2/repository/com/fasterxml/jackson/module/jackson-module-jaxb-annotations/2.11.1/jackson-module-jaxb-annotations-2.11.1.jar:/Users/kimhwajeong/.m2/repository/jakarta/xml/bind/jakarta.xml.bind-api/2.3.2/jakarta.xml.bind-api-2.3.2.jar:/Users/kimhwajeong/.m2/repository/jakarta/activation/jakarta.activation-api/1.2.1/jakarta.activation-api-1.2.1.jar:/Users/kimhwajeong/.m2/repository/org/codehaus/woodstox/stax2-api/4.2.1/stax2-api-4.2.1.jar:/Users/kimhwajeong/.m2/repository/com/fasterxml/woodstox/woodstox-core/6.2.1/woodstox-core-6.2.1.jar:/Users/kimhwajeong/.m2/repository/org/springframework/spring-test/5.3.13/spring-test-5.3.13.jar:/Users/kimhwajeong/.m2/repository/org/junit/jupiter/junit-jupiter/5.9.3/junit-jupiter-5.9.3.jar:/Users/kimhwajeong/.m2/repository/org/junit/jupiter/junit-jupiter-api/5.8.2/junit-jupiter-api-5.8.2.jar:/Users/kimhwajeong/.m2/repository/org/opentest4j/opentest4j/1.2.0/opentest4j-1.2.0.jar:/Users/kimhwajeong/.m2/repository/org/junit/platform/junit-platform-commons/1.8.2/junit-platform-commons-1.8.2.jar:/Users/kimhwajeong/.m2/repository/org/apiguardian/apiguardian-api/1.1.2/apiguardian-api-1.1.2.jar:/Users/kimhwajeong/.m2/repository/org/junit/jupiter/junit-jupiter-params/5.8.2/junit-jupiter-params-5.8.2.jar:/Users/kimhwajeong/.m2/repository/org/junit/jupiter/junit-jupiter-engine/5.8.2/junit-jupiter-engine-5.8.2.jar:/Users/kimhwajeong/.m2/repository/org/junit/platform/junit-platform-engine/1.8.2/junit-platform-engine-1.8.2.jar:/Users/kimhwajeong/.m2/repository/org/glassfish/jakarta.el/3.0.4/jakarta.el-3.0.4.jar:/Users/kimhwajeong/.m2/repository/org/hamcrest/hamcrest-all/1.3/hamcrest-all-1.3.jar:/Users/kimhwajeong/.m2/repository/org/mockito/mockito-core/5.3.0/mockito-core-5.3.0.jar:/Users/kimhwajeong/.m2/repository/net/bytebuddy/byte-buddy/1.14.4/byte-buddy-1.14.4.jar:/Users/kimhwajeong/.m2/repository/net/bytebuddy/byte-buddy-agent/1.14.4/byte-buddy-agent-1.14.4.jar:/Users/kimhwajeong/.m2/repository/org/objenesis/objenesis/3.3/objenesis-3.3.jar:/Users/kimhwajeong/.m2/repository/org/springframework/spring-jdbc/5.3.13/spring-jdbc-5.3.13.jar:/Users/kimhwajeong/.m2/repository/org/apache/commons/commons-dbcp2/2.9.0/commons-dbcp2-2.9.0.jar:/Users/kimhwajeong/.m2/repository/org/apache/commons/commons-pool2/2.10.0/commons-pool2-2.10.0.jar:/Users/kimhwajeong/.m2/repository/commons-logging/commons-logging/1.2/commons-logging-1.2.jar:/Users/kimhwajeong/.m2/repository/org/mybatis/mybatis/3.5.13/mybatis-3.5.13.jar:/Users/kimhwajeong/.m2/repository/org/mybatis/mybatis-spring/2.1.0/mybatis-spring-2.1.0.jar:/Users/kimhwajeong/.m2/repository/org/springframework/spring-aspects/5.3.13/spring-aspects-5.3.13.jar:/Users/kimhwajeong/.m2/repository/org/aspectj/aspectjweaver/1.9.7/aspectjweaver-1.9.7.jar:/Users/kimhwajeong/.m2/repository/org/springframework/spring-tx/5.3.13/spring-tx-5.3.13.jar:/Users/kimhwajeong/.m2/repository/org/hibernate/hibernate-core/5.6.0.Final/hibernate-core-5.6.0.Final.jar:/Users/kimhwajeong/.m2/repository/javax/persistence/javax.persistence-api/2.2/javax.persistence-api-2.2.jar:/Users/kimhwajeong/.m2/repository/antlr/antlr/2.7.7/antlr-2.7.7.jar:/Users/kimhwajeong/.m2/repository/org/jboss/spec/javax/transaction/jboss-transaction-api_1.2_spec/1.1.1.Final/jboss-transaction-api_1.2_spec-1.1.1.Final.jar:/Users/kimhwajeong/.m2/repository/org/jboss/jandex/2.2.3.Final/jandex-2.2.3.Final.jar:/Users/kimhwajeong/.m2/repository/javax/activation/javax.activation-api/1.2.0/javax.activation-api-1.2.0.jar:/Users/kimhwajeong/.m2/repository/org/hibernate/common/hibernate-commons-annotations/5.1.2.Final/hibernate-commons-annotations-5.1.2.Final.jar:/Users/kimhwajeong/.m2/repository/javax/xml/bind/jaxb-api/2.3.1/jaxb-api-2.3.1.jar:/Users/kimhwajeong/.m2/repository/org/glassfish/jaxb/jaxb-runtime/2.3.1/jaxb-runtime-2.3.1.jar:/Users/kimhwajeong/.m2/repository/org/glassfish/jaxb/txw2/2.3.1/txw2-2.3.1.jar:/Users/kimhwajeong/.m2/repository/com/sun/istack/istack-commons-runtime/3.0.7/istack-commons-runtime-3.0.7.jar:/Users/kimhwajeong/.m2/repository/org/jvnet/staxex/stax-ex/1.8/stax-ex-1.8.jar:/Users/kimhwajeong/.m2/repository/com/sun/xml/fastinfoset/FastInfoset/1.2.15/FastInfoset-1.2.15.jar:/Users/kimhwajeong/.m2/repository/com/h2database/h2/2.1.212/h2-2.1.212.jar:/Users/kimhwajeong/.m2/repository/org/springframework/data/spring-data-jpa/2.7.0/spring-data-jpa-2.7.0.jar:/Users/kimhwajeong/.m2/repository/org/springframework/data/spring-data-commons/2.7.0/spring-data-commons-2.7.0.jar:/Users/kimhwajeong/.m2/repository/org/springframework/spring-orm/5.3.13/spring-orm-5.3.13.jar:"/>
    <property name="java.vm.vendor" value="Azul Systems, Inc."/>
    <property name="sun.arch.data.model" value="64"/>
    <property name="java.vendor.url" value="http://www.azul.com/"/>
    <property name="user.timezone" value=""/>
    <property name="java.vm.specification.version" value="11"/>
    <property name="os.name" value="Mac OS X"/>
    <property name="sun.java.launcher" value="SUN_STANDARD"/>
    <property name="user.country" value="KR"/>
    <property name="sun.boot.library.path" value="/Library/Java/JavaVirtualMachines/zulu-11.jdk/Contents/Home/lib"/>
    <property name="sun.java.command" value="/Users/kimhwajeong/Downloads/BoardJpa/target/surefire/surefirebooter14707247154116502436.jar /Users/kimhwajeong/Downloads/BoardJpa/target/surefire 2023-05-09T16-12-46_141-jvmRun1 surefire2617345688831811172tmp surefire_011811958357915484663tmp"/>
    <property name="http.nonProxyHosts" value="local|*.local|169.254/16|*.169.254/16"/>
    <property name="jdk.debug" value="release"/>
    <property name="surefire.test.class.path" value="/Users/kimhwajeong/Downloads/BoardJpa/target/test-classes:/Users/kimhwajeong/Downloads/BoardJpa/target/classes:/Users/kimhwajeong/.m2/repository/org/assertj/assertj-core/3.22.0/assertj-core-3.22.0.jar:/Users/kimhwajeong/.m2/repository/org/springframework/spring-webmvc/5.3.13/spring-webmvc-5.3.13.jar:/Users/kimhwajeong/.m2/repository/org/springframework/spring-aop/5.3.13/spring-aop-5.3.13.jar:/Users/kimhwajeong/.m2/repository/org/springframework/spring-beans/5.3.13/spring-beans-5.3.13.jar:/Users/kimhwajeong/.m2/repository/org/springframework/spring-context/5.3.13/spring-context-5.3.13.jar:/Users/kimhwajeong/.m2/repository/org/springframework/spring-core/5.3.13/spring-core-5.3.13.jar:/Users/kimhwajeong/.m2/repository/org/springframework/spring-jcl/5.3.13/spring-jcl-5.3.13.jar:/Users/kimhwajeong/.m2/repository/org/springframework/spring-expression/5.3.13/spring-expression-5.3.13.jar:/Users/kimhwajeong/.m2/repository/org/springframework/spring-web/5.3.13/spring-web-5.3.13.jar:/Users/kimhwajeong/.m2/repository/org/apache/commons/commons-math3/3.6.1/commons-math3-3.6.1.jar:/Users/kimhwajeong/.m2/repository/jakarta/validation/jakarta.validation-api/2.0.2/jakarta.validation-api-2.0.2.jar:/Users/kimhwajeong/.m2/repository/jakarta/servlet/jakarta.servlet-api/4.0.3/jakarta.servlet-api-4.0.3.jar:/Users/kimhwajeong/.m2/repository/org/glassfish/web/jakarta.servlet.jsp.jstl/1.2.6/jakarta.servlet.jsp.jstl-1.2.6.jar:/Users/kimhwajeong/.m2/repository/jakarta/servlet/jsp/jstl/jakarta.servlet.jsp.jstl-api/1.2.4/jakarta.servlet.jsp.jstl-api-1.2.4.jar:/Users/kimhwajeong/.m2/repository/jakarta/el/jakarta.el-api/3.0.2/jakarta.el-api-3.0.2.jar:/Users/kimhwajeong/.m2/repository/ch/qos/logback/logback-classic/1.2.11/logback-classic-1.2.11.jar:/Users/kimhwajeong/.m2/repository/ch/qos/logback/logback-core/1.2.11/logback-core-1.2.11.jar:/Users/kimhwajeong/.m2/repository/org/slf4j/slf4j-api/1.7.32/slf4j-api-1.7.32.jar:/Users/kimhwajeong/.m2/repository/commons-fileupload/commons-fileupload/1.3.3/commons-fileupload-1.3.3.jar:/Users/kimhwajeong/.m2/repository/commons-io/commons-io/2.2/commons-io-2.2.jar:/Users/kimhwajeong/.m2/repository/org/projectlombok/lombok/1.18.24/lombok-1.18.24.jar:/Users/kimhwajeong/.m2/repository/com/jayway/jsonpath/json-path-assert/2.4.0/json-path-assert-2.4.0.jar:/Users/kimhwajeong/.m2/repository/org/hamcrest/hamcrest-core/1.3/hamcrest-core-1.3.jar:/Users/kimhwajeong/.m2/repository/org/hamcrest/hamcrest-library/1.3/hamcrest-library-1.3.jar:/Users/kimhwajeong/.m2/repository/com/jayway/jsonpath/json-path/2.4.0/json-path-2.4.0.jar:/Users/kimhwajeong/.m2/repository/net/minidev/json-smart/2.3/json-smart-2.3.jar:/Users/kimhwajeong/.m2/repository/net/minidev/accessors-smart/1.2/accessors-smart-1.2.jar:/Users/kimhwajeong/.m2/repository/org/ow2/asm/asm/5.0.4/asm-5.0.4.jar:/Users/kimhwajeong/.m2/repository/org/hibernate/validator/hibernate-validator/6.2.3.Final/hibernate-validator-6.2.3.Final.jar:/Users/kimhwajeong/.m2/repository/org/jboss/logging/jboss-logging/3.4.1.Final/jboss-logging-3.4.1.Final.jar:/Users/kimhwajeong/.m2/repository/com/fasterxml/classmate/1.5.1/classmate-1.5.1.jar:/Users/kimhwajeong/.m2/repository/com/fasterxml/jackson/core/jackson-core/2.14.2/jackson-core-2.14.2.jar:/Users/kimhwajeong/.m2/repository/com/fasterxml/jackson/core/jackson-databind/2.14.2/jackson-databind-2.14.2.jar:/Users/kimhwajeong/.m2/repository/com/fasterxml/jackson/core/jackson-annotations/2.14.2/jackson-annotations-2.14.2.jar:/Users/kimhwajeong/.m2/repository/com/fasterxml/jackson/datatype/jackson-datatype-jsr310/2.14.2/jackson-datatype-jsr310-2.14.2.jar:/Users/kimhwajeong/.m2/repository/org/thymeleaf/thymeleaf-spring5/3.1.1.RELEASE/thymeleaf-spring5-3.1.1.RELEASE.jar:/Users/kimhwajeong/.m2/repository/org/thymeleaf/thymeleaf/3.1.1.RELEASE/thymeleaf-3.1.1.RELEASE.jar:/Users/kimhwajeong/.m2/repository/org/attoparser/attoparser/2.0.6.RELEASE/attoparser-2.0.6.RELEASE.jar:/Users/kimhwajeong/.m2/repository/org/unbescape/unbescape/1.1.6.RELEASE/unbescape-1.1.6.RELEASE.jar:/Users/kimhwajeong/.m2/repository/com/fasterxml/jackson/dataformat/jackson-dataformat-xml/2.11.1/jackson-dataformat-xml-2.11.1.jar:/Users/kimhwajeong/.m2/repository/com/fasterxml/jackson/module/jackson-module-jaxb-annotations/2.11.1/jackson-module-jaxb-annotations-2.11.1.jar:/Users/kimhwajeong/.m2/repository/jakarta/xml/bind/jakarta.xml.bind-api/2.3.2/jakarta.xml.bind-api-2.3.2.jar:/Users/kimhwajeong/.m2/repository/jakarta/activation/jakarta.activation-api/1.2.1/jakarta.activation-api-1.2.1.jar:/Users/kimhwajeong/.m2/repository/org/codehaus/woodstox/stax2-api/4.2.1/stax2-api-4.2.1.jar:/Users/kimhwajeong/.m2/repository/com/fasterxml/woodstox/woodstox-core/6.2.1/woodstox-core-6.2.1.jar:/Users/kimhwajeong/.m2/repository/org/springframework/spring-test/5.3.13/spring-test-5.3.13.jar:/Users/kimhwajeong/.m2/repository/org/junit/jupiter/junit-jupiter/5.9.3/junit-jupiter-5.9.3.jar:/Users/kimhwajeong/.m2/repository/org/junit/jupiter/junit-jupiter-api/5.8.2/junit-jupiter-api-5.8.2.jar:/Users/kimhwajeong/.m2/repository/org/opentest4j/opentest4j/1.2.0/opentest4j-1.2.0.jar:/Users/kimhwajeong/.m2/repository/org/junit/platform/junit-platform-commons/1.8.2/junit-platform-commons-1.8.2.jar:/Users/kimhwajeong/.m2/repository/org/apiguardian/apiguardian-api/1.1.2/apiguardian-api-1.1.2.jar:/Users/kimhwajeong/.m2/repository/org/junit/jupiter/junit-jupiter-params/5.8.2/junit-jupiter-params-5.8.2.jar:/Users/kimhwajeong/.m2/repository/org/junit/jupiter/junit-jupiter-engine/5.8.2/junit-jupiter-engine-5.8.2.jar:/Users/kimhwajeong/.m2/repository/org/junit/platform/junit-platform-engine/1.8.2/junit-platform-engine-1.8.2.jar:/Users/kimhwajeong/.m2/repository/org/glassfish/jakarta.el/3.0.4/jakarta.el-3.0.4.jar:/Users/kimhwajeong/.m2/repository/org/hamcrest/hamcrest-all/1.3/hamcrest-all-1.3.jar:/Users/kimhwajeong/.m2/repository/org/mockito/mockito-core/5.3.0/mockito-core-5.3.0.jar:/Users/kimhwajeong/.m2/repository/net/bytebuddy/byte-buddy/1.14.4/byte-buddy-1.14.4.jar:/Users/kimhwajeong/.m2/repository/net/bytebuddy/byte-buddy-agent/1.14.4/byte-buddy-agent-1.14.4.jar:/Users/kimhwajeong/.m2/repository/org/objenesis/objenesis/3.3/objenesis-3.3.jar:/Users/kimhwajeong/.m2/repository/org/springframework/spring-jdbc/5.3.13/spring-jdbc-5.3.13.jar:/Users/kimhwajeong/.m2/repository/org/apache/commons/commons-dbcp2/2.9.0/commons-dbcp2-2.9.0.jar:/Users/kimhwajeong/.m2/repository/org/apache/commons/commons-pool2/2.10.0/commons-pool2-2.10.0.jar:/Users/kimhwajeong/.m2/repository/commons-logging/commons-logging/1.2/commons-logging-1.2.jar:/Users/kimhwajeong/.m2/repository/org/mybatis/mybatis/3.5.13/mybatis-3.5.13.jar:/Users/kimhwajeong/.m2/repository/org/mybatis/mybatis-spring/2.1.0/mybatis-spring-2.1.0.jar:/Users/kimhwajeong/.m2/repository/org/springframework/spring-aspects/5.3.13/spring-aspects-5.3.13.jar:/Users/kimhwajeong/.m2/repository/org/aspectj/aspectjweaver/1.9.7/aspectjweaver-1.9.7.jar:/Users/kimhwajeong/.m2/repository/org/springframework/spring-tx/5.3.13/spring-tx-5.3.13.jar:/Users/kimhwajeong/.m2/repository/org/hibernate/hibernate-core/5.6.0.Final/hibernate-core-5.6.0.Final.jar:/Users/kimhwajeong/.m2/repository/javax/persistence/javax.persistence-api/2.2/javax.persistence-api-2.2.jar:/Users/kimhwajeong/.m2/repository/antlr/antlr/2.7.7/antlr-2.7.7.jar:/Users/kimhwajeong/.m2/repository/org/jboss/spec/javax/transaction/jboss-transaction-api_1.2_spec/1.1.1.Final/jboss-transaction-api_1.2_spec-1.1.1.Final.jar:/Users/kimhwajeong/.m2/repository/org/jboss/jandex/2.2.3.Final/jandex-2.2.3.Final.jar:/Users/kimhwajeong/.m2/repository/javax/activation/javax.activation-api/1.2.0/javax.activation-api-1.2.0.jar:/Users/kimhwajeong/.m2/repository/org/hibernate/common/hibernate-commons-annotations/5.1.2.Final/hibernate-commons-annotations-5.1.2.Final.jar:/Users/kimhwajeong/.m2/repository/javax/xml/bind/jaxb-api/2.3.1/jaxb-api-2.3.1.jar:/Users/kimhwajeong/.m2/repository/org/glassfish/jaxb/jaxb-runtime/2.3.1/jaxb-runtime-2.3.1.jar:/Users/kimhwajeong/.m2/repository/org/glassfish/jaxb/txw2/2.3.1/txw2-2.3.1.jar:/Users/kimhwajeong/.m2/repository/com/sun/istack/istack-commons-runtime/3.0.7/istack-commons-runtime-3.0.7.jar:/Users/kimhwajeong/.m2/repository/org/jvnet/staxex/stax-ex/1.8/stax-ex-1.8.jar:/Users/kimhwajeong/.m2/repository/com/sun/xml/fastinfoset/FastInfoset/1.2.15/FastInfoset-1.2.15.jar:/Users/kimhwajeong/.m2/repository/com/h2database/h2/2.1.212/h2-2.1.212.jar:/Users/kimhwajeong/.m2/repository/org/springframework/data/spring-data-jpa/2.7.0/spring-data-jpa-2.7.0.jar:/Users/kimhwajeong/.m2/repository/org/springframework/data/spring-data-commons/2.7.0/spring-data-commons-2.7.0.jar:/Users/kimhwajeong/.m2/repository/org/springframework/spring-orm/5.3.13/spring-orm-5.3.13.jar:"/>
    <property name="sun.cpu.endian" value="little"/>
    <property name="user.home" value="/Users/kimhwajeong"/>
    <property name="user.language" value="en"/>
    <property name="java.specification.vendor" value="Oracle Corporation"/>
    <property name="java.version.date" value="2022-10-18"/>
    <property name="java.home" value="/Library/Java/JavaVirtualMachines/zulu-11.jdk/Contents/Home"/>
    <property name="file.separator" value="/"/>
    <property name="basedir" value="/Users/kimhwajeong/Downloads/BoardJpa"/>
    <property name="java.vm.compressedOopsMode" value="Zero based"/>
    <property name="line.separator" value="&#10;"/>
    <property name="java.specification.name" value="Java Platform API Specification"/>
    <property name="java.vm.specification.vendor" value="Oracle Corporation"/>
    <property name="jdk.vendor.version" value="Zulu11.60+19-CA"/>
    <property name="java.awt.graphicsenv" value="sun.awt.CGraphicsEnvironment"/>
    <property name="surefire.real.class.path" value="/Users/kimhwajeong/Downloads/BoardJpa/target/surefire/surefirebooter14707247154116502436.jar"/>
    <property name="sun.management.compiler" value="HotSpot 64-Bit Tiered Compilers"/>
    <property name="ftp.nonProxyHosts" value="local|*.local|169.254/16|*.169.254/16"/>
    <property name="java.runtime.version" value="11.0.17+8-LTS"/>
    <property name="user.name" value="kimhwajeong"/>
    <property name="path.separator" value=":"/>
    <property name="os.version" value="13.3.1"/>
    <property name="java.runtime.name" value="OpenJDK Runtime Environment"/>
    <property name="file.encoding" value="UTF-8"/>
    <property name="java.vm.name" value="OpenJDK 64-Bit Server VM"/>
    <property name="java.vendor.version" value="Zulu11.60+19-CA"/>
    <property name="localRepository" value="/Users/kimhwajeong/.m2/repository"/>
    <property name="java.vendor.url.bug" value="http://www.azul.com/support/"/>
    <property name="java.io.tmpdir" value="/var/folders/1z/2_jkzl5n7dsgccrqdj1gr0b80000gn/T/"/>
    <property name="idea.version" value="2022.3.2"/>
    <property name="java.version" value="11.0.17"/>
    <property name="user.dir" value="/Users/kimhwajeong/Downloads/BoardJpa"/>
    <property name="os.arch" value="aarch64"/>
    <property name="java.vm.specification.name" value="Java Virtual Machine Specification"/>
    <property name="java.awt.printerjob" value="sun.lwawt.macosx.CPrinterJob"/>
    <property name="sun.os.patch.level" value="unknown"/>
    <property name="java.library.path" value="/Users/kimhwajeong/Library/Java/Extensions:/Library/Java/Extensions:/Network/Library/Java/Extensions:/System/Library/Java/Extensions:/usr/lib/java:."/>
    <property name="java.vm.info" value="mixed mode"/>
    <property name="java.vendor" value="Azul Systems, Inc."/>
    <property name="java.vm.version" value="11.0.17+8-LTS"/>
    <property name="sun.io.unicode.encoding" value="UnicodeBig"/>
    <property name="java.class.version" value="55.0"/>
    <property name="socksNonProxyHosts" value="local|*.local|169.254/16|*.169.254/16"/>
  </properties>
  <testcase name="getPostList" classname="com.nhnacademy.board.service.PostServiceTest" time="0"/>
  <testcase name="delete" classname="com.nhnacademy.board.service.PostServiceTest" time="0"/>
  <testcase name="modify" classname="com.nhnacademy.board.service.PostServiceTest" time="0"/>
  <testcase name="register" classname="com.nhnacademy.board.service.PostServiceTest" time="0"/>
  <testcase name="getPost" classname="com.nhnacademy.board.service.PostServiceTest" time="0"/>
  <testcase name="getId" classname="com.nhnacademy.board.service.PostServiceTest" time="0"/>
</testsuite>